mode: set
rclone/pkg/post/helpers.go:37.96,40.2 2 0
rclone/pkg/post/helpers.go:42.100,45.2 2 0
rclone/pkg/post/helpers.go:47.94,50.2 2 0
rclone/pkg/post/helpers.go:52.96,55.2 2 0
rclone/pkg/post/helpers.go:57.102,59.2 1 0
rclone/pkg/post/helpers.go:61.58,63.2 1 0
rclone/pkg/post/helpers.go:65.55,67.2 1 0
rclone/pkg/post/helpers.go:69.52,71.2 1 0
rclone/pkg/post/post.go:38.47,39.26 1 1
rclone/pkg/post/post.go:43.2,44.38 2 1
rclone/pkg/post/post.go:49.2,49.61 1 1
rclone/pkg/post/post.go:39.26,42.3 2 0
rclone/pkg/post/post.go:44.38,45.25 1 1
rclone/pkg/post/post.go:45.25,47.4 1 1
rclone/pkg/post/post.go:52.36,54.38 2 1
rclone/pkg/post/post.go:57.2,57.20 1 1
rclone/pkg/post/post.go:54.38,56.3 1 1
rclone/pkg/post/post.go:60.47,62.2 1 1
rclone/pkg/post/post.go:64.44,65.44 1 1
rclone/pkg/post/post.go:65.44,66.27 1 0
rclone/pkg/post/post.go:66.27,69.4 2 0
rclone/pkg/post/post.go:73.41,82.2 5 1
rclone/pkg/post/post.go:84.43,93.2 5 1
rclone/pkg/post/post.go:95.41,96.38 1 1
rclone/pkg/post/post.go:96.38,97.30 1 0
rclone/pkg/post/post.go:97.30,102.4 4 0
rclone/pkg/post/postRepo.go:15.52,22.2 3 1
rclone/pkg/post/postRepo.go:24.62,28.2 3 1
rclone/pkg/post/postRepo.go:30.50,33.2 2 1
rclone/pkg/post/postRepo.go:35.57,37.16 2 1
rclone/pkg/post/postRepo.go:40.2,43.18 4 1
rclone/pkg/post/postRepo.go:37.16,39.3 1 1
rclone/pkg/post/postRepo.go:46.53,50.16 4 1
rclone/pkg/post/postRepo.go:53.2,53.28 1 1
rclone/pkg/post/postRepo.go:61.2,61.20 1 1
rclone/pkg/post/postRepo.go:50.16,52.3 1 1
rclone/pkg/post/postRepo.go:53.28,56.17 3 1
rclone/pkg/post/postRepo.go:59.3,59.30 1 1
rclone/pkg/post/postRepo.go:56.17,58.4 1 1
rclone/pkg/post/postRepo.go:64.78,68.16 4 1
rclone/pkg/post/postRepo.go:71.2,71.28 1 1
rclone/pkg/post/postRepo.go:79.2,79.20 1 1
rclone/pkg/post/postRepo.go:68.16,70.3 1 1
rclone/pkg/post/postRepo.go:71.28,74.17 3 1
rclone/pkg/post/postRepo.go:77.3,77.30 1 1
rclone/pkg/post/postRepo.go:74.17,76.4 1 1
rclone/pkg/post/postRepo.go:82.72,86.16 4 1
rclone/pkg/post/postRepo.go:89.2,89.28 1 1
rclone/pkg/post/postRepo.go:97.2,97.20 1 1
rclone/pkg/post/postRepo.go:86.16,88.3 1 1
rclone/pkg/post/postRepo.go:89.28,92.17 3 1
rclone/pkg/post/postRepo.go:95.3,95.30 1 1
rclone/pkg/post/postRepo.go:92.17,94.4 1 1
rclone/pkg/post/postRepo.go:100.51,102.16 2 1
rclone/pkg/post/postRepo.go:105.2,106.12 2 1
rclone/pkg/post/postRepo.go:102.16,104.3 1 1
rclone/pkg/post/postRepo.go:109.89,111.16 2 1
rclone/pkg/post/postRepo.go:114.2,117.18 4 1
rclone/pkg/post/postRepo.go:111.16,113.3 1 1
rclone/pkg/post/postRepo.go:120.91,122.16 2 1
rclone/pkg/post/postRepo.go:125.2,128.18 4 1
rclone/pkg/post/postRepo.go:122.16,124.3 1 1
rclone/pkg/post/postRepo.go:131.78,133.16 2 1
rclone/pkg/post/postRepo.go:136.2,139.18 4 1
rclone/pkg/post/postRepo.go:133.16,135.3 1 1
rclone/pkg/post/postRepo.go:142.78,144.16 2 1
rclone/pkg/post/postRepo.go:147.2,150.18 4 1
rclone/pkg/post/postRepo.go:144.16,146.3 1 1
rclone/pkg/post/postRepo.go:153.80,155.16 2 1
rclone/pkg/post/postRepo.go:158.2,161.18 4 1
rclone/pkg/post/postRepo.go:155.16,157.3 1 1
rclone/pkg/post/postRepo_mock.go:25.77,29.2 3 1
rclone/pkg/post/postRepo_mock.go:32.75,34.2 1 1
rclone/pkg/post/postRepo_mock.go:37.100,42.2 4 1
rclone/pkg/post/postRepo_mock.go:45.91,48.2 2 1
rclone/pkg/post/postRepo_mock.go:51.104,57.2 5 1
rclone/pkg/post/postRepo_mock.go:60.93,63.2 2 1
rclone/pkg/post/postRepo_mock.go:66.98,72.2 5 1
rclone/pkg/post/postRepo_mock.go:75.93,78.2 2 1
rclone/pkg/post/postRepo_mock.go:81.100,87.2 5 1
rclone/pkg/post/postRepo_mock.go:90.88,93.2 2 1
rclone/pkg/post/postRepo_mock.go:96.94,99.2 2 1
rclone/pkg/post/postRepo_mock.go:102.104,105.2 2 1
rclone/pkg/post/postRepo_mock.go:119.81,123.2 3 1
rclone/pkg/post/postRepo_mock.go:126.79,128.2 1 1
rclone/pkg/post/postRepo_mock.go:131.62,136.2 4 1
rclone/pkg/post/postRepo_mock.go:139.82,142.2 2 1
rclone/pkg/post/postRepo_mock.go:156.69,160.2 3 1
rclone/pkg/post/postRepo_mock.go:163.67,165.2 1 1
rclone/pkg/post/postRepo_mock.go:168.59,173.2 4 1
rclone/pkg/post/postRepo_mock.go:176.76,179.2 2 1
rclone/pkg/post/postRepo_mock.go:182.56,187.2 4 1
rclone/pkg/post/postRepo_mock.go:190.76,193.2 2 1
