mode: set
rclone/pkg/handlers/commentHandle.go:18.80,20.12 2 1
rclone/pkg/handlers/commentHandle.go:24.2,28.16 5 1
rclone/pkg/handlers/commentHandle.go:32.2,44.16 5 1
rclone/pkg/handlers/commentHandle.go:48.2,50.19 3 1
rclone/pkg/handlers/commentHandle.go:20.12,23.3 2 1
rclone/pkg/handlers/commentHandle.go:28.16,31.3 2 1
rclone/pkg/handlers/commentHandle.go:44.16,47.3 2 1
rclone/pkg/handlers/commentHandle.go:53.83,58.16 5 1
rclone/pkg/handlers/commentHandle.go:62.2,63.19 2 1
rclone/pkg/handlers/commentHandle.go:58.16,61.3 2 1
rclone/pkg/handlers/postHandler.go:40.77,42.12 2 1
rclone/pkg/handlers/postHandler.go:46.2,50.16 5 1
rclone/pkg/handlers/postHandler.go:54.2,78.16 5 1
rclone/pkg/handlers/postHandler.go:82.2,83.19 2 1
rclone/pkg/handlers/postHandler.go:42.12,45.3 2 1
rclone/pkg/handlers/postHandler.go:50.16,53.3 2 1
rclone/pkg/handlers/postHandler.go:78.16,81.3 2 1
rclone/pkg/handlers/postHandler.go:86.78,90.16 4 1
rclone/pkg/handlers/postHandler.go:94.2,95.19 2 1
rclone/pkg/handlers/postHandler.go:90.16,93.3 2 1
rclone/pkg/handlers/postHandler.go:98.80,102.16 4 1
rclone/pkg/handlers/postHandler.go:106.2,109.8 4 1
rclone/pkg/handlers/postHandler.go:102.16,105.3 2 1
rclone/pkg/handlers/postHandler.go:112.82,114.16 2 1
rclone/pkg/handlers/postHandler.go:118.2,119.20 2 1
rclone/pkg/handlers/postHandler.go:114.16,117.3 2 1
rclone/pkg/handlers/postHandler.go:122.86,126.16 4 1
rclone/pkg/handlers/postHandler.go:130.2,131.20 2 1
rclone/pkg/handlers/postHandler.go:126.16,129.3 2 1
rclone/pkg/handlers/postHandler.go:134.90,138.16 4 1
rclone/pkg/handlers/postHandler.go:142.2,143.20 2 1
rclone/pkg/handlers/postHandler.go:138.16,141.3 2 1
rclone/pkg/handlers/posts_mock.go:25.91,29.2 3 1
rclone/pkg/handlers/posts_mock.go:32.89,34.2 1 1
rclone/pkg/handlers/posts_mock.go:37.67,42.2 4 1
rclone/pkg/handlers/posts_mock.go:45.92,48.2 2 1
rclone/pkg/handlers/posts_mock.go:51.79,57.2 5 1
rclone/pkg/handlers/posts_mock.go:60.90,63.2 2 1
rclone/pkg/handlers/posts_mock.go:66.75,72.2 5 1
rclone/pkg/handlers/posts_mock.go:75.79,78.2 2 1
rclone/pkg/handlers/posts_mock.go:81.100,87.2 5 1
rclone/pkg/handlers/posts_mock.go:90.109,93.2 2 1
rclone/pkg/handlers/posts_mock.go:96.94,102.2 5 1
rclone/pkg/handlers/posts_mock.go:105.103,108.2 2 1
rclone/pkg/handlers/posts_mock.go:111.73,116.2 4 1
rclone/pkg/handlers/posts_mock.go:119.94,122.2 2 1
rclone/pkg/handlers/posts_mock.go:125.116,131.2 5 1
rclone/pkg/handlers/posts_mock.go:134.114,137.2 2 1
rclone/pkg/handlers/posts_mock.go:140.106,146.2 5 1
rclone/pkg/handlers/posts_mock.go:149.117,152.2 2 1
rclone/pkg/handlers/posts_mock.go:155.93,161.2 5 1
rclone/pkg/handlers/posts_mock.go:164.104,167.2 2 1
rclone/pkg/handlers/posts_mock.go:170.93,176.2 5 1
rclone/pkg/handlers/posts_mock.go:179.104,182.2 2 1
rclone/pkg/handlers/posts_mock.go:185.95,191.2 5 1
rclone/pkg/handlers/posts_mock.go:194.106,197.2 2 1
rclone/pkg/handlers/userHandler.go:32.78,34.2 1 1
rclone/pkg/handlers/userHandler.go:36.75,41.16 5 1
rclone/pkg/handlers/userHandler.go:45.2,46.16 2 1
rclone/pkg/handlers/userHandler.go:53.2,53.46 1 1
rclone/pkg/handlers/userHandler.go:60.2,62.16 3 1
rclone/pkg/handlers/userHandler.go:66.2,66.20 1 1
rclone/pkg/handlers/userHandler.go:41.16,44.3 2 1
rclone/pkg/handlers/userHandler.go:46.16,52.3 5 1
rclone/pkg/handlers/userHandler.go:53.46,59.3 5 1
rclone/pkg/handlers/userHandler.go:62.16,65.3 2 1
rclone/pkg/handlers/userHandler.go:69.78,74.16 5 1
rclone/pkg/handlers/userHandler.go:78.2,79.16 2 1
rclone/pkg/handlers/userHandler.go:92.2,95.16 4 1
rclone/pkg/handlers/userHandler.go:99.2,100.16 2 1
rclone/pkg/handlers/userHandler.go:104.2,104.20 1 1
rclone/pkg/handlers/userHandler.go:74.16,77.3 2 1
rclone/pkg/handlers/userHandler.go:79.16,91.3 6 1
rclone/pkg/handlers/userHandler.go:95.16,98.3 2 1
rclone/pkg/handlers/userHandler.go:100.16,103.3 2 1
rclone/pkg/handlers/users_mock.go:26.91,30.2 3 1
rclone/pkg/handlers/users_mock.go:33.89,35.2 1 1
rclone/pkg/handlers/users_mock.go:38.86,44.2 5 1
rclone/pkg/handlers/users_mock.go:47.97,50.2 2 1
rclone/pkg/handlers/users_mock.go:53.73,58.2 4 1
rclone/pkg/handlers/users_mock.go:61.94,64.2 2 1
rclone/pkg/handlers/users_mock.go:78.93,82.2 3 1
rclone/pkg/handlers/users_mock.go:85.91,87.2 1 1
rclone/pkg/handlers/users_mock.go:90.108,95.2 4 1
rclone/pkg/handlers/users_mock.go:98.113,101.2 2 1
rclone/pkg/handlers/voteHandle.go:10.76,12.12 2 1
rclone/pkg/handlers/voteHandle.go:16.2,19.16 4 1
rclone/pkg/handlers/voteHandle.go:23.2,24.19 2 1
rclone/pkg/handlers/voteHandle.go:12.12,15.3 2 1
rclone/pkg/handlers/voteHandle.go:19.16,22.3 2 1
rclone/pkg/handlers/voteHandle.go:27.78,29.12 2 1
rclone/pkg/handlers/voteHandle.go:33.2,36.16 4 1
rclone/pkg/handlers/voteHandle.go:40.2,41.19 2 1
rclone/pkg/handlers/voteHandle.go:29.12,32.3 2 1
rclone/pkg/handlers/voteHandle.go:36.16,39.3 2 1
rclone/pkg/handlers/voteHandle.go:44.76,46.12 2 1
rclone/pkg/handlers/voteHandle.go:50.2,53.16 4 1
rclone/pkg/handlers/voteHandle.go:57.2,58.19 2 1
rclone/pkg/handlers/voteHandle.go:46.12,49.3 2 1
rclone/pkg/handlers/voteHandle.go:53.16,56.3 2 1
